\BOOKMARK [1][-]{section.1}{\376\377\000D\000a\000t\000a\000\040\000S\000t\000r\000u\000c\000t\000u\000r\000e}{}% 1
\BOOKMARK [2][-]{subsection.1.1}{\376\377\000F\000e\000n\000w\000i\000c\000k\000T\000r\000e\000e\000\040\000[\0003\0005\000\040\000l\000i\000n\000e\000s\000]\000\040\000-\000\040\0009\000b\000d\0005\0006\000f\0007\0002}{section.1}% 2
\BOOKMARK [2][-]{subsection.1.2}{\376\377\000F\000e\000n\000w\000i\000c\000k\000T\000r\000e\000e\0002\000h\000\040\000[\0003\0001\000\040\000l\000i\000n\000e\000s\000]\000\040\000-\000\040\000d\0009\000a\0009\000a\000a\0005\000f}{section.1}% 3
\BOOKMARK [2][-]{subsection.1.3}{\376\377\000P\000e\000r\000s\000i\000s\000t\000e\000n\000t\000\040\000S\000e\000g\000m\000e\000n\000t\000\040\000T\000r\000e\000e\000\040\000[\0006\0004\000\040\000l\000i\000n\000e\000s\000]\000\040\000-\000\040\0005\0006\000d\0009\0000\000f\0002\0009}{section.1}% 4
\BOOKMARK [2][-]{subsection.1.4}{\376\377\000T\000r\000e\000a\000p\000\040\000[\0001\0006\0006\000\040\000l\000i\000n\000e\000s\000]\000\040\000-\000\040\000d\0009\0008\000b\0004\0000\000d\0008}{section.1}% 5
\BOOKMARK [2][-]{subsection.1.5}{\376\377\000Z\000f\000u\000n\000c\000\040\000[\0002\0002\000\040\000l\000i\000n\000e\000s\000]\000\040\000-\000\040\0006\0001\0006\0004\000f\000a\000b\0000}{section.1}% 6
\BOOKMARK [2][-]{subsection.1.6}{\376\377\000f\000f\000t\000\040\000[\0005\0000\000\040\000l\000i\000n\000e\000s\000]\000\040\000-\000\040\000c\0006\0007\0002\000f\0005\0007\0006}{section.1}% 7
\BOOKMARK [2][-]{subsection.1.7}{\376\377\000l\000c\000a\000\040\000[\0003\0006\000\040\000l\000i\000n\000e\000s\000]\000\040\000-\000\040\0000\0004\0002\0001\0005\0007\0003\000f}{section.1}% 8
\BOOKMARK [2][-]{subsection.1.8}{\376\377\000m\000a\000t\000r\000i\000x\000M\000u\000l\000t\000i\000p\000l\000i\000c\000a\000t\000i\000o\000n\000\040\000[\0003\0003\000\040\000l\000i\000n\000e\000s\000]\000\040\000-\000\040\0004\000f\000b\000e\0001\0006\000b\000a}{section.1}% 9
\BOOKMARK [2][-]{subsection.1.9}{\376\377\000m\000e\000r\000g\000e\000S\000o\000r\000t\000T\000r\000e\000e\000\040\000[\0005\0006\000\040\000l\000i\000n\000e\000s\000]\000\040\000-\000\040\0001\0000\0000\0008\0007\000f\0005\0007}{section.1}% 10
\BOOKMARK [2][-]{subsection.1.10}{\376\377\000p\000b\000d\000s\000\040\000[\0009\000\040\000l\000i\000n\000e\000s\000]\000\040\000-\000\040\000b\000e\0004\0002\0008\0004\0001\0001}{section.1}% 11
\BOOKMARK [2][-]{subsection.1.11}{\376\377\000s\000p\000a\000r\000s\000e\000t\000a\000b\000l\000e\000\040\000[\0004\0002\000\040\000l\000i\000n\000e\000s\000]\000\040\000-\000\040\0001\000b\0002\000d\0001\0001\000b\0001}{section.1}% 12
\BOOKMARK [2][-]{subsection.1.12}{\376\377\000s\000u\000f\000f\000i\000x\000A\000r\000r\000a\000y\000B\000i\000n\000S\000e\000a\000r\000c\000h\000\040\000[\0001\0006\0008\000\040\000l\000i\000n\000e\000s\000]\000\040\000-\000\040\0006\0008\000b\0007\0009\0001\000d\0003}{section.1}% 13
\BOOKMARK [1][-]{section.2}{\376\377\000F\000l\000o\000w}{}% 14
\BOOKMARK [2][-]{subsection.2.1}{\376\377\000B\000l\000o\000s\000s\000o\000m\000\040\000[\0005\0008\000\040\000l\000i\000n\000e\000s\000]\000\040\000-\000\040\0004\000e\000f\000b\0005\000a\000e\0003}{section.2}% 15
\BOOKMARK [2][-]{subsection.2.2}{\376\377\000D\000i\000n\000i\000c\000\040\000[\0007\0002\000\040\000l\000i\000n\000e\000s\000]\000\040\000-\000\040\000b\0008\0002\000f\000a\0005\000b\0003}{section.2}% 16
\BOOKMARK [2][-]{subsection.2.3}{\376\377\000F\000l\000o\000w\000\040\000[\0006\000\040\000l\000i\000n\000e\000s\000]\000\040\000-\000\040\000c\000f\000f\000a\0005\0002\0007\0006}{section.2}% 17
\BOOKMARK [2][-]{subsection.2.4}{\376\377\000H\000o\000p\000C\000r\000o\000f\000t\000K\000a\000r\000p\000\040\000[\0006\0007\000\040\000l\000i\000n\000e\000s\000]\000\040\000-\000\040\000b\000b\0009\0004\000f\0005\0001\000d}{section.2}% 18
\BOOKMARK [2][-]{subsection.2.5}{\376\377\000H\000u\000n\000g\000a\000r\000i\000a\000n\000\040\000[\0001\0001\0006\000\040\000l\000i\000n\000e\000s\000]\000\040\000-\000\040\000e\0001\0000\0005\0004\0001\0009\0005}{section.2}% 19
\BOOKMARK [2][-]{subsection.2.6}{\376\377\000M\000C\000M\000F\000\040\000[\0001\0001\0006\000\040\000l\000i\000n\000e\000s\000]\000\040\000-\000\040\0002\0004\000f\000e\0005\0000\0000\000f}{section.2}% 20
\BOOKMARK [2][-]{subsection.2.7}{\376\377\000m\000a\000x\000f\000l\000o\000w\000\040\000[\0005\0009\000\040\000l\000i\000n\000e\000s\000]\000\040\000-\000\040\0002\0007\000b\0006\000b\0006\000b\000b}{section.2}% 21
\BOOKMARK [1][-]{section.3}{\376\377\000s\000t\000r\000i\000n\000g}{}% 22
\BOOKMARK [2][-]{subsection.3.1}{\376\377\000D\000y\000n\000a\000m\000i\000c\000\040\000s\000u\000f\000f\000i\000x\000\040\000a\000r\000r\000a\000y\000\040\000[\0001\0007\0009\000\040\000l\000i\000n\000e\000s\000]\000\040\000-\000\040\000f\0005\000c\000c\0009\000f\000f\000a}{section.3}% 23
\BOOKMARK [2][-]{subsection.3.2}{\376\377\000c\000u\000s\000t\000o\000m\000H\000a\000s\000h\000\040\000[\0001\0006\000\040\000l\000i\000n\000e\000s\000]\000\040\000-\000\040\0008\0000\0003\000d\000c\0008\000a\0008}{section.3}% 24
\BOOKMARK [2][-]{subsection.3.3}{\376\377\000h\000a\000s\000h\000i\000n\000g\000\040\000[\0005\0003\000\040\000l\000i\000n\000e\000s\000]\000\040\000-\000\040\0005\000e\0007\0002\0002\000c\0009\0009}{section.3}% 25
\BOOKMARK [2][-]{subsection.3.4}{\376\377\000k\000m\000p\000\040\000[\0001\0003\000\040\000l\000i\000n\000e\000s\000]\000\040\000-\000\040\0000\0004\0000\000d\0000\0008\0002\000c}{section.3}% 26
\BOOKMARK [2][-]{subsection.3.5}{\376\377\000m\000a\000n\000c\000h\000a\000r\000s\000A\000l\000g\000o\000r\000i\000t\000h\000m\000\040\000[\0003\0002\000\040\000l\000i\000n\000e\000s\000]\000\040\000-\000\040\0006\0006\0003\000d\0005\0003\000a\0004}{section.3}% 27
\BOOKMARK [2][-]{subsection.3.6}{\376\377\000s\000u\000f\000f\000i\000x\000a\000r\000r\000a\000y\000\040\000[\0009\0008\000\040\000l\000i\000n\000e\000s\000]\000\040\000-\000\040\000c\0005\0006\000e\0005\0007\000c\000b}{section.3}% 28
\BOOKMARK [2][-]{subsection.3.7}{\376\377\000t\000r\000i\000e\000\040\000[\0001\0004\0003\000\040\000l\000i\000n\000e\000s\000]\000\040\000-\000\040\000d\0001\000f\0003\0000\0003\0004\0007}{section.3}% 29
\BOOKMARK [1][-]{section.4}{\376\377\000G\000e\000o\000m\000e\000t\000r\000y}{}% 30
\BOOKMARK [2][-]{subsection.4.1}{\376\377\000R\000o\000t\000a\000t\000i\000o\000n\000\040\000M\000a\000t\000r\000i\000x\000\040\000[\0003\0009\000\040\000l\000i\000n\000e\000s\000]\000\040\000-\000\040\000d\000a\0005\0009\000f\000f\0001\000d}{section.4}% 31
\BOOKMARK [2][-]{subsection.4.2}{\376\377\000h\000u\000l\000l\000\040\000[\0004\0008\000\040\000l\000i\000n\000e\000s\000]\000\040\000-\000\040\000d\0006\000b\0006\000f\0009\0004\0009}{section.4}% 32
\BOOKMARK [2][-]{subsection.4.3}{\376\377\000m\000i\000n\000k\000o\000w\000s\000k\000i\000\040\000[\0004\0004\000\040\000l\000i\000n\000e\000s\000]\000\040\000-\000\040\0009\0003\0008\0007\000d\000b\0000\000c}{section.4}% 33
\BOOKMARK [1][-]{section.5}{\376\377\000m\000i\000s\000c\000e\000l\000l\000a\000n\000e\000o\000u\000s}{}% 34
\BOOKMARK [2][-]{subsection.5.1}{\376\377\000B\000M\000\040\000[\0009\0006\000\040\000l\000i\000n\000e\000s\000]\000\040\000-\000\040\0009\000c\0000\000a\0004\0005\0001\0001}{section.5}% 35
\BOOKMARK [2][-]{subsection.5.2}{\376\377\000S\000q\000r\000t\000\040\000T\000r\000i\000c\000k\000s\000\040\000[\0008\000\040\000l\000i\000n\000e\000s\000]\000\040\000-\000\040\0008\000f\0008\000b\0006\0001\0000\000b}{section.5}% 36
\BOOKMARK [2][-]{subsection.5.3}{\376\377\000X\000O\000R\000V\000E\000C\000T\000O\000R\000B\000A\000S\000I\000S\000\040\000[\0003\0001\000\040\000l\000i\000n\000e\000s\000]\000\040\000-\000\040\000e\0008\000d\0009\0009\0001\0007\0009}{section.5}% 37
\BOOKMARK [2][-]{subsection.5.4}{\376\377\000d\000e\000b\000u\000g\000\040\000[\0003\0007\000\040\000l\000i\000n\000e\000s\000]\000\040\000-\000\040\0002\0009\0009\0006\0005\0002\000f\000b}{section.5}% 38
\BOOKMARK [2][-]{subsection.5.5}{\376\377\000f\000l\000o\000y\000e\000d\000\040\000[\0001\0004\000\040\000l\000i\000n\000e\000s\000]\000\040\000-\000\040\0009\0006\000e\0002\0005\0006\0002\000f}{section.5}% 39
\BOOKMARK [2][-]{subsection.5.6}{\376\377\000g\000e\000o\000m\000e\000t\000r\000y\000\040\000[\0001\0008\000\040\000l\000i\000n\000e\000s\000]\000\040\000-\000\040\0009\0000\0005\000d\000d\0009\0009\0004}{section.5}% 40
\BOOKMARK [2][-]{subsection.5.7}{\376\377\000h\000o\000p\000c\000r\000o\000f\000t\000K\000a\000r\000p\000\040\000[\0007\0005\000\040\000l\000i\000n\000e\000s\000]\000\040\000-\000\040\000b\000d\000d\0006\0000\0003\000f\0005}{section.5}% 41
\BOOKMARK [2][-]{subsection.5.8}{\376\377\000i\000n\000v\000e\000r\000s\000e\000M\000a\000t\000r\000i\000x\000\040\000[\0009\0005\000\040\000l\000i\000n\000e\000s\000]\000\040\000-\000\040\0005\0006\0002\000b\000a\000f\0006\0006}{section.5}% 42
\BOOKMARK [2][-]{subsection.5.9}{\376\377\000m\000a\000x\000X\000o\000r\000\040\000[\0006\0008\000\040\000l\000i\000n\000e\000s\000]\000\040\000-\000\040\0003\0008\0003\000b\000f\000a\0004\000d}{section.5}% 43
\BOOKMARK [2][-]{subsection.5.10}{\376\377\000s\000c\000c\000\040\000[\0005\0009\000\040\000l\000i\000n\000e\000s\000]\000\040\000-\000\040\0000\0005\0001\0004\000b\0002\0009\0000}{section.5}% 44
\BOOKMARK [2][-]{subsection.5.11}{\376\377\000s\000c\000r\000i\000p\000t\000\040\000[\0009\000\040\000l\000i\000n\000e\000s\000]\000\040\000-\000\040\0003\000b\000a\0001\000f\0001\000d\0004}{section.5}% 45
\BOOKMARK [2][-]{subsection.5.12}{\376\377\000s\000t\000r\000e\000s\000s\000\040\000[\0001\0007\000\040\000l\000i\000n\000e\000s\000]\000\040\000-\000\040\0006\0009\0002\0007\000a\000b\0002\000e}{section.5}% 46
\BOOKMARK [2][-]{subsection.5.13}{\376\377\000v\000e\000c\000t\000o\000r\000A\000d\000d\000M\000u\000l\000t\000i\000p\000l\000i\000c\000a\000t\000o\000n\000\040\000[\0004\0000\000\040\000l\000i\000n\000e\000s\000]\000\040\000-\000\040\000c\0002\0000\000b\0008\000d\0001\0002}{section.5}% 47
\BOOKMARK [1][-]{section.6}{\376\377\000G\000a\000m\000e\000\040\000T\000h\000e\000o\000r\000y}{}% 48
\BOOKMARK [2][-]{subsection.6.1}{\376\377\000P\000o\000i\000n\000t\000s\000\040\000t\000o\000\040\000b\000e\000\040\000n\000o\000t\000e\000d\000\040\000[\0001\0004\000\040\000l\000i\000n\000e\000s\000]\000\040\000-\000\040\0008\0005\000d\000d\000c\0008\0008\0003}{section.6}% 49
\BOOKMARK [1][-]{section.7}{\376\377\000d\000p}{}% 50
\BOOKMARK [2][-]{subsection.7.1}{\376\377\000C\000H\000T\000\040\000[\0004\0006\000\040\000l\000i\000n\000e\000s\000]\000\040\000-\000\040\000a\000e\0008\0001\000b\0005\0001\000a}{section.7}% 51
\BOOKMARK [2][-]{subsection.7.2}{\376\377\000d\000i\000v\000i\000d\000e\000A\000n\000d\000C\000o\000n\000q\000u\000e\000r\000\040\000[\0002\0008\000\040\000l\000i\000n\000e\000s\000]\000\040\000-\000\040\000b\0009\000d\000e\0003\0003\000e\000d}{section.7}% 52
\BOOKMARK [2][-]{subsection.7.3}{\376\377\000d\000y\000n\000a\000m\000i\000c\000C\000h\000t\000\040\000[\0003\0000\000\040\000l\000i\000n\000e\000s\000]\000\040\000-\000\040\0004\0009\0007\000d\0002\000f\0005\0003}{section.7}% 53
\BOOKMARK [1][-]{section.8}{\376\377\000G\000r\000a\000p\000h}{}% 54
\BOOKMARK [2][-]{subsection.8.1}{\376\377\000B\000i\000p\000a\000r\000t\000i\000t\000e\000\040\000[\0008\0009\000\040\000l\000i\000n\000e\000s\000]\000\040\000-\000\040\0000\0007\0003\000e\0008\0001\0009\0001}{section.8}% 55
\BOOKMARK [2][-]{subsection.8.2}{\376\377\000E\000u\000l\000e\000r\000\040\000P\000a\000t\000h\000\040\000D\000i\000r\000e\000c\000t\000e\000d\000\040\000[\0006\0001\000\040\000l\000i\000n\000e\000s\000]\000\040\000-\000\040\000d\0005\0008\0008\0007\000c\0001\0006}{section.8}% 56
\BOOKMARK [2][-]{subsection.8.3}{\376\377\000E\000u\000l\000e\000r\000\040\000P\000a\000t\000h\000\040\000U\000n\000d\000i\000r\000e\000c\000t\000e\000d\000\040\000[\0009\0002\000\040\000l\000i\000n\000e\000s\000]\000\040\000-\000\040\0003\000e\0005\0001\0004\000b\000d\000a}{section.8}% 57
\BOOKMARK [2][-]{subsection.8.4}{\376\377\000H\000o\000p\000C\000r\000o\000f\000t\000\040\000K\000a\000r\000p\000\040\000A\000l\000g\000o\000r\000i\000t\000h\000m\000\040\000[\0006\0004\000\040\000l\000i\000n\000e\000s\000]\000\040\000-\000\040\0000\000e\000a\000c\0005\0006\0003\0005}{section.8}% 58
\BOOKMARK [2][-]{subsection.8.5}{\376\377\000M\000C\000B\000M\000\040\000[\0002\0009\000\040\000l\000i\000n\000e\000s\000]\000\040\000-\000\040\0007\000d\0000\0005\0002\0009\000d\000b}{section.8}% 59
\BOOKMARK [2][-]{subsection.8.6}{\376\377\000M\000a\000x\000i\000m\000u\000m\000\040\000I\000n\000d\000e\000p\000e\000n\000d\000a\000n\000t\000\040\000S\000e\000t\000\040\000[\0001\0000\0005\000\040\000l\000i\000n\000e\000s\000]\000\040\000-\000\040\0002\000b\0006\0005\0009\000f\0004\0005}{section.8}% 60
\BOOKMARK [2][-]{subsection.8.7}{\376\377\000a\000r\000t\000i\000c\000u\000l\000a\000t\000i\000o\000n\000B\000r\000i\000d\000g\000e\000\040\000[\0004\0005\000\040\000l\000i\000n\000e\000s\000]\000\040\000-\000\040\0004\000a\000f\0006\0006\000d\000a\0003}{section.8}% 61
\BOOKMARK [2][-]{subsection.8.8}{\376\377\000a\000r\000t\000i\000c\000u\000l\000a\000t\000i\000o\000n\000P\000o\000i\000n\000t\000\040\000[\0003\0003\000\040\000l\000i\000n\000e\000s\000]\000\040\000-\000\040\0000\000a\0000\0005\0006\000b\0009\0001}{section.8}% 62
\BOOKMARK [2][-]{subsection.8.9}{\376\377\000d\000s\000u\000W\000i\000t\000h\000R\000o\000l\000l\000b\000a\000c\000k\000\040\000[\0005\0007\000\040\000l\000i\000n\000e\000s\000]\000\040\000-\000\040\0001\0009\000d\000a\0001\0005\0001\000f}{section.8}% 63
\BOOKMARK [2][-]{subsection.8.10}{\376\377\000e\000u\000l\000e\000r\000i\000a\000n\000P\000a\000t\000h\000I\000n\000A\000l\000l\000C\000o\000n\000n\000e\000c\000t\000e\000d\000\040\000[\0002\0008\000\040\000l\000i\000n\000e\000s\000]\000\040\000-\000\040\000b\0000\0003\0001\0002\0007\0001\0002}{section.8}% 64
\BOOKMARK [2][-]{subsection.8.11}{\376\377\000h\000e\000a\000v\000y\000L\000i\000g\000h\000t\000D\000e\000c\000o\000m\000p\000o\000s\000i\000t\000i\000o\000n\000\040\000[\0009\0005\000\040\000l\000i\000n\000e\000s\000]\000\040\000-\000\040\0007\000d\0005\0001\0002\000e\0009\0004}{section.8}% 65
\BOOKMARK [2][-]{subsection.8.12}{\376\377\000m\000a\000x\000D\000i\000s\000t\000a\000n\000c\000e\000F\000r\000o\000m\000A\000l\000l\000N\000o\000d\000e\000\040\000[\0002\0005\000\040\000l\000i\000n\000e\000s\000]\000\040\000-\000\040\0008\000b\000f\000d\0002\0004\000d\0007}{section.8}% 66
\BOOKMARK [2][-]{subsection.8.13}{\376\377\000m\000s\000t\000\040\000[\0004\0004\000\040\000l\000i\000n\000e\000s\000]\000\040\000-\000\040\000c\0003\0005\0007\0008\000a\0009\000f}{section.8}% 67
\BOOKMARK [1][-]{section.9}{\376\377\000N\000u\000m\000b\000e\000r\000\040\000T\000h\000e\000o\000r\000y}{}% 68
\BOOKMARK [2][-]{subsection.9.1}{\376\377\000D\000i\000o\000p\000h\000a\000n\000t\000i\000n\000e\000\040\000[\0007\0007\000\040\000l\000i\000n\000e\000s\000]\000\040\000-\000\040\0004\0000\000c\0003\0001\000f\000f\0008}{section.9}% 69
\BOOKMARK [2][-]{subsection.9.2}{\376\377\000c\000o\000n\000v\000o\000l\000u\000t\000i\000o\000n\000\040\000[\0002\0000\0001\000\040\000l\000i\000n\000e\000s\000]\000\040\000-\000\040\000f\0004\0004\000c\0000\000e\0002\0005}{section.9}% 70
\BOOKMARK [2][-]{subsection.9.3}{\376\377\000c\000r\000t\000\040\000[\0007\0007\000\040\000l\000i\000n\000e\000s\000]\000\040\000-\000\040\000f\000c\000d\000d\0005\0002\000c\0001}{section.9}% 71
\BOOKMARK [2][-]{subsection.9.4}{\376\377\000d\000e\000t\000e\000r\000m\000i\000n\000a\000n\000t\000O\000f\000M\000a\000t\000r\000i\000x\000\040\000[\0002\0006\000\040\000l\000i\000n\000e\000s\000]\000\040\000-\000\040\000f\000a\0007\0007\0003\0001\000e\000a}{section.9}% 72
\BOOKMARK [2][-]{subsection.9.5}{\376\377\000e\000g\000c\000d\000\040\000[\0001\0004\000\040\000l\000i\000n\000e\000s\000]\000\040\000-\000\040\0000\000e\0003\0004\0008\0005\0006\000e}{section.9}% 73
\BOOKMARK [2][-]{subsection.9.6}{\376\377\000g\000a\000u\000s\000s\000\040\000[\0007\0000\000\040\000l\000i\000n\000e\000s\000]\000\040\000-\000\040\0006\0005\000f\0007\000a\0002\0002\000c}{section.9}% 74
\BOOKMARK [2][-]{subsection.9.7}{\376\377\000h\000i\000\040\000[\0000\000\040\000l\000i\000n\000e\000s\000]\000\040\000-\000\040\000d\0004\0001\000d\0008\000c\000d\0009}{section.9}% 75
\BOOKMARK [2][-]{subsection.9.8}{\376\377\000i\000n\000v\000e\000r\000s\000e\000\040\000[\0003\000\040\000l\000i\000n\000e\000s\000]\000\040\000-\000\040\000e\000f\0009\000c\0001\000a\000c\000d}{section.9}% 76
\BOOKMARK [2][-]{subsection.9.9}{\376\377\000l\000i\000n\000e\000a\000r\000s\000y\000s\000t\000e\000m\000\040\000[\0008\0003\000\040\000l\000i\000n\000e\000s\000]\000\040\000-\000\040\0000\0006\0002\000d\0003\0007\0003\0001}{section.9}% 77
\BOOKMARK [2][-]{subsection.9.10}{\376\377\000m\000o\000v\000i\000u\000s\000\040\000[\0001\0000\000\040\000l\000i\000n\000e\000s\000]\000\040\000-\000\040\0005\0001\0009\0001\000f\000d\000a\0007}{section.9}% 78
\BOOKMARK [2][-]{subsection.9.11}{\376\377\000p\000h\000i\000\040\000[\0003\0004\000\040\000l\000i\000n\000e\000s\000]\000\040\000-\000\040\000d\000d\000a\0000\000b\0001\0005\0009}{section.9}% 79
\BOOKMARK [2][-]{subsection.9.12}{\376\377\000p\000o\000l\000l\000a\000r\000d\000R\000h\000o\000\040\000[\0001\0009\0005\000\040\000l\000i\000n\000e\000s\000]\000\040\000-\000\040\0007\000b\0005\000d\000d\0006\0004\0001}{section.9}% 80
\BOOKMARK [2][-]{subsection.9.13}{\376\377\000p\000r\000i\000m\000e\000\040\000[\0004\0008\000\040\000l\000i\000n\000e\000s\000]\000\040\000-\000\040\000c\000d\0003\0002\000f\0007\000e\000e}{section.9}% 81
\BOOKMARK [2][-]{subsection.9.14}{\376\377\000s\000i\000e\000v\000e\000\040\000[\0002\0003\000\040\000l\000i\000n\000e\000s\000]\000\040\000-\000\040\0001\000a\0006\0008\0003\0005\0002\0007}{section.9}% 82
