This is pdfTeX, Version 3.141592653-2.6-1.40.22 (TeX Live 2022/dev/Debian) (preloaded format=pdflatex 2025.12.14)  19 DEC 2025 13:23
entering extended mode
 \write18 enabled.
 %&-line parsing enabled.
**notebook.tex
(./notebook.tex
LaTeX2e <2021-11-15> patch level 1
L3 programming layer <2022-01-21>
(/usr/share/texlive/texmf-dist/tex/latex/base/article.cls
Document Class: article 2021/10/04 v1.4n Standard LaTeX document class
(/usr/share/texlive/texmf-dist/tex/latex/base/size10.clo
File: size10.clo 2021/10/04 v1.4n Standard LaTeX file (size option)
)
\c@part=\count185
\c@section=\count186
\c@subsection=\count187
\c@subsubsection=\count188
\c@paragraph=\count189
\c@subparagraph=\count190
\c@figure=\count191
\c@table=\count192
\abovecaptionskip=\skip47
\belowcaptionskip=\skip48
\bibindent=\dimen138
)
(/usr/share/texlive/texmf-dist/tex/latex/geometry/geometry.sty
Package: geometry 2020/01/02 v5.9 Page Geometry

(/usr/share/texlive/texmf-dist/tex/latex/graphics/keyval.sty
Package: keyval 2014/10/28 v1.15 key=value parser (DPC)
\KV@toks@=\toks16
)
(/usr/share/texlive/texmf-dist/tex/generic/iftex/ifvtex.sty
Package: ifvtex 2019/10/25 v1.7 ifvtex legacy package. Use iftex instead.

(/usr/share/texlive/texmf-dist/tex/generic/iftex/iftex.sty
Package: iftex 2020/03/06 v1.0d TeX engine tests
))
\Gm@cnth=\count193
\Gm@cntv=\count194
\c@Gm@tempcnt=\count195
\Gm@bindingoffset=\dimen139
\Gm@wd@mp=\dimen140
\Gm@odd@mp=\dimen141
\Gm@even@mp=\dimen142
\Gm@layoutwidth=\dimen143
\Gm@layoutheight=\dimen144
\Gm@layouthoffset=\dimen145
\Gm@layoutvoffset=\dimen146
\Gm@dimlist=\toks17
)
(/usr/share/texlive/texmf-dist/tex/latex/hyperref/hyperref.sty
Package: hyperref 2021-06-07 v7.00m Hypertext links for LaTeX

(/usr/share/texlive/texmf-dist/tex/generic/ltxcmds/ltxcmds.sty
Package: ltxcmds 2020-05-10 v1.25 LaTeX kernel commands for general use (HO)
)
(/usr/share/texlive/texmf-dist/tex/generic/pdftexcmds/pdftexcmds.sty
Package: pdftexcmds 2020-06-27 v0.33 Utility functions of pdfTeX for LuaTeX (HO
)

(/usr/share/texlive/texmf-dist/tex/generic/infwarerr/infwarerr.sty
Package: infwarerr 2019/12/03 v1.5 Providing info/warning/error messages (HO)
)
Package pdftexcmds Info: \pdf@primitive is available.
Package pdftexcmds Info: \pdf@ifprimitive is available.
Package pdftexcmds Info: \pdfdraftmode found.
)
(/usr/share/texlive/texmf-dist/tex/generic/kvsetkeys/kvsetkeys.sty
Package: kvsetkeys 2019/12/15 v1.18 Key value parser (HO)
)
(/usr/share/texlive/texmf-dist/tex/generic/kvdefinekeys/kvdefinekeys.sty
Package: kvdefinekeys 2019-12-19 v1.6 Define keys (HO)
)
(/usr/share/texlive/texmf-dist/tex/generic/pdfescape/pdfescape.sty
Package: pdfescape 2019/12/09 v1.15 Implements pdfTeX's escape features (HO)
)
(/usr/share/texlive/texmf-dist/tex/latex/hycolor/hycolor.sty
Package: hycolor 2020-01-27 v1.10 Color options for hyperref/bookmark (HO)
)
(/usr/share/texlive/texmf-dist/tex/latex/letltxmacro/letltxmacro.sty
Package: letltxmacro 2019/12/03 v1.6 Let assignment for LaTeX macros (HO)
)
(/usr/share/texlive/texmf-dist/tex/latex/auxhook/auxhook.sty
Package: auxhook 2019-12-17 v1.6 Hooks for auxiliary files (HO)
)
(/usr/share/texlive/texmf-dist/tex/latex/kvoptions/kvoptions.sty
Package: kvoptions 2020-10-07 v3.14 Key value format for package options (HO)
)
\@linkdim=\dimen147
\Hy@linkcounter=\count196
\Hy@pagecounter=\count197

(/usr/share/texlive/texmf-dist/tex/latex/hyperref/pd1enc.def
File: pd1enc.def 2021-06-07 v7.00m Hyperref: PDFDocEncoding definition (HO)
Now handling font encoding PD1 ...
... no UTF-8 mapping file for font encoding PD1
)
(/usr/share/texlive/texmf-dist/tex/latex/hyperref/hyperref-langpatches.def
File: hyperref-langpatches.def 2021-06-07 v7.00m Hyperref: patches for babel la
nguages
)
(/usr/share/texlive/texmf-dist/tex/generic/intcalc/intcalc.sty
Package: intcalc 2019/12/15 v1.3 Expandable calculations with integers (HO)
)
(/usr/share/texlive/texmf-dist/tex/generic/etexcmds/etexcmds.sty
Package: etexcmds 2019/12/15 v1.7 Avoid name clashes with e-TeX commands (HO)
)
\Hy@SavedSpaceFactor=\count198

(/usr/share/texlive/texmf-dist/tex/latex/hyperref/puenc.def
File: puenc.def 2021-06-07 v7.00m Hyperref: PDF Unicode definition (HO)
Now handling font encoding PU ...
... no UTF-8 mapping file for font encoding PU
)
Package hyperref Info: Hyper figures OFF on input line 4192.
Package hyperref Info: Link nesting OFF on input line 4197.
Package hyperref Info: Hyper index ON on input line 4200.
Package hyperref Info: Plain pages OFF on input line 4207.
Package hyperref Info: Backreferencing OFF on input line 4212.
Package hyperref Info: Implicit mode ON; LaTeX internals redefined.
Package hyperref Info: Bookmarks ON on input line 4445.
\c@Hy@tempcnt=\count199

(/usr/share/texlive/texmf-dist/tex/latex/url/url.sty
\Urlmuskip=\muskip16
Package: url 2013/09/16  ver 3.4  Verb mode for urls, etc.
)
LaTeX Info: Redefining \url on input line 4804.
\XeTeXLinkMargin=\dimen148

(/usr/share/texlive/texmf-dist/tex/generic/bitset/bitset.sty
Package: bitset 2019/12/09 v1.3 Handle bit-vector datatype (HO)

(/usr/share/texlive/texmf-dist/tex/generic/bigintcalc/bigintcalc.sty
Package: bigintcalc 2019/12/15 v1.5 Expandable calculations on big integers (HO
)
))
\Fld@menulength=\count266
\Field@Width=\dimen149
\Fld@charsize=\dimen150
Package hyperref Info: Hyper figures OFF on input line 6076.
Package hyperref Info: Link nesting OFF on input line 6081.
Package hyperref Info: Hyper index ON on input line 6084.
Package hyperref Info: backreferencing OFF on input line 6091.
Package hyperref Info: Link coloring OFF on input line 6096.
Package hyperref Info: Link coloring with OCG OFF on input line 6101.
Package hyperref Info: PDF/A mode OFF on input line 6106.
LaTeX Info: Redefining \ref on input line 6146.
LaTeX Info: Redefining \pageref on input line 6150.

(/usr/share/texlive/texmf-dist/tex/latex/base/atbegshi-ltx.sty
Package: atbegshi-ltx 2021/01/10 v1.0c Emulation of the original atbegshi
package with kernel methods
)
\Hy@abspage=\count267
\c@Item=\count268
\c@Hfootnote=\count269
)
Package hyperref Info: Driver (autodetected): hpdftex.

(/usr/share/texlive/texmf-dist/tex/latex/hyperref/hpdftex.def
File: hpdftex.def 2021-06-07 v7.00m Hyperref driver for pdfTeX

(/usr/share/texlive/texmf-dist/tex/latex/base/atveryend-ltx.sty
Package: atveryend-ltx 2020/08/19 v1.0a Emulation of the original atveryend pac
kage
with kernel methods
)
\Fld@listcount=\count270
\c@bookmark@seq@number=\count271

(/usr/share/texlive/texmf-dist/tex/latex/rerunfilecheck/rerunfilecheck.sty
Package: rerunfilecheck 2019/12/05 v1.9 Rerun checks for auxiliary files (HO)

(/usr/share/texlive/texmf-dist/tex/generic/uniquecounter/uniquecounter.sty
Package: uniquecounter 2019/12/15 v1.4 Provide unlimited unique counter (HO)
)
Package uniquecounter Info: New unique counter `rerunfilecheck' on input line 2
86.
)
\Hy@SectionHShift=\skip49
)
(/usr/share/texlive/texmf-dist/tex/latex/fancyhdr/fancyhdr.sty
Package: fancyhdr 2021/01/28 v4.0.1 Extensive control of page headers and foote
rs
\f@nch@headwidth=\skip50
\f@nch@O@elh=\skip51
\f@nch@O@erh=\skip52
\f@nch@O@olh=\skip53
\f@nch@O@orh=\skip54
\f@nch@O@elf=\skip55
\f@nch@O@erf=\skip56
\f@nch@O@olf=\skip57
\f@nch@O@orf=\skip58
)
(/usr/share/texlive/texmf-dist/tex/latex/listings/listings.sty
\lst@mode=\count272
\lst@gtempboxa=\box50
\lst@token=\toks18
\lst@length=\count273
\lst@currlwidth=\dimen151
\lst@column=\count274
\lst@pos=\count275
\lst@lostspace=\dimen152
\lst@width=\dimen153
\lst@newlines=\count276
\lst@lineno=\count277
\lst@maxwidth=\dimen154

(/usr/share/texlive/texmf-dist/tex/latex/listings/lstmisc.sty
File: lstmisc.sty 2020/03/24 1.8d (Carsten Heinz)
\c@lstnumber=\count278
\lst@skipnumbers=\count279
\lst@framebox=\box51
)
(/usr/share/texlive/texmf-dist/tex/latex/listings/listings.cfg
File: listings.cfg 2020/03/24 1.8d listings configuration
))
Package: listings 2020/03/24 1.8d (Carsten Heinz)

(/usr/share/texlive/texmf-dist/tex/latex/xcolor/xcolor.sty
Package: xcolor 2021/10/31 v2.13 LaTeX color extensions (UK)

(/usr/share/texlive/texmf-dist/tex/latex/graphics-cfg/color.cfg
File: color.cfg 2016/01/02 v1.6 sample color configuration
)
Package xcolor Info: Driver file: pdftex.def on input line 227.

(/usr/share/texlive/texmf-dist/tex/latex/graphics-def/pdftex.def
File: pdftex.def 2020/10/05 v1.2a Graphics/color driver for pdftex
)
Package xcolor Info: Model `cmy' substituted by `cmy0' on input line 1352.
Package xcolor Info: Model `hsb' substituted by `rgb' on input line 1356.
Package xcolor Info: Model `RGB' extended on input line 1368.
Package xcolor Info: Model `HTML' substituted by `rgb' on input line 1370.
Package xcolor Info: Model `Hsb' substituted by `hsb' on input line 1371.
Package xcolor Info: Model `tHsb' substituted by `hsb' on input line 1372.
Package xcolor Info: Model `HSB' substituted by `hsb' on input line 1373.
Package xcolor Info: Model `Gray' substituted by `gray' on input line 1374.
Package xcolor Info: Model `wave' substituted by `hsb' on input line 1375.
)
(/usr/share/texlive/texmf-dist/tex/latex/tocloft/tocloft.sty
Package: tocloft 2017/08/31 v2.3i parameterised ToC, etc., typesetting
Package tocloft Info: The document has section divisions on input line 51.
\cftparskip=\skip59
\cftbeforetoctitleskip=\skip60
\cftaftertoctitleskip=\skip61
\cftbeforepartskip=\skip62
\cftpartnumwidth=\skip63
\cftpartindent=\skip64
\cftbeforesecskip=\skip65
\cftsecindent=\skip66
\cftsecnumwidth=\skip67
\cftbeforesubsecskip=\skip68
\cftsubsecindent=\skip69
\cftsubsecnumwidth=\skip70
\cftbeforesubsubsecskip=\skip71
\cftsubsubsecindent=\skip72
\cftsubsubsecnumwidth=\skip73
\cftbeforeparaskip=\skip74
\cftparaindent=\skip75
\cftparanumwidth=\skip76
\cftbeforesubparaskip=\skip77
\cftsubparaindent=\skip78
\cftsubparanumwidth=\skip79
\cftbeforeloftitleskip=\skip80
\cftafterloftitleskip=\skip81
\cftbeforefigskip=\skip82
\cftfigindent=\skip83
\cftfignumwidth=\skip84
\c@lofdepth=\count280
\c@lotdepth=\count281
\cftbeforelottitleskip=\skip85
\cftafterlottitleskip=\skip86
\cftbeforetabskip=\skip87
\cfttabindent=\skip88
\cfttabnumwidth=\skip89
)
(/usr/share/texlive/texmf-dist/tex/latex/pdflscape/pdflscape.sty
Package: pdflscape 2019/12/05 v0.12 Display of landscape pages in PDF (HO)

(/usr/share/texlive/texmf-dist/tex/latex/graphics/lscape.sty
Package: lscape 2020/05/28 v3.02 Landscape Pages (DPC)

(/usr/share/texlive/texmf-dist/tex/latex/graphics/graphics.sty
Package: graphics 2021/03/04 v1.4d Standard LaTeX Graphics (DPC,SPQR)

(/usr/share/texlive/texmf-dist/tex/latex/graphics/trig.sty
Package: trig 2021/08/11 v1.11 sin cos tan (DPC)
)
(/usr/share/texlive/texmf-dist/tex/latex/graphics-cfg/graphics.cfg
File: graphics.cfg 2016/06/04 v1.11 sample graphics configuration
)
Package graphics Info: Driver file: pdftex.def on input line 107.
))
Package pdflscape Info: Auto-detected driver: pdftex on input line 81.
)
(/usr/share/texlive/texmf-dist/tex/latex/tools/multicol.sty
Package: multicol 2021/10/28 v1.9b multicolumn formatting (FMi)
\c@tracingmulticols=\count282
\mult@box=\box52
\multicol@leftmargin=\dimen155
\c@unbalance=\count283
\c@collectmore=\count284
\doublecol@number=\count285
\multicoltolerance=\count286
\multicolpretolerance=\count287
\full@width=\dimen156
\page@free=\dimen157
\premulticols=\dimen158
\postmulticols=\dimen159
\multicolsep=\skip90
\multicolbaselineskip=\skip91
\partial@page=\box53
\last@line=\box54
\maxbalancingoverflow=\dimen160
\mult@rightbox=\box55
\mult@grightbox=\box56
\mult@firstbox=\box57
\mult@gfirstbox=\box58
\@tempa=\box59
\@tempa=\box60
\@tempa=\box61
\@tempa=\box62
\@tempa=\box63
\@tempa=\box64
\@tempa=\box65
\@tempa=\box66
\@tempa=\box67
\@tempa=\box68
\@tempa=\box69
\@tempa=\box70
\@tempa=\box71
\@tempa=\box72
\@tempa=\box73
\@tempa=\box74
\@tempa=\box75
\@tempa=\box76
\@tempa=\box77
\@tempa=\box78
\@tempa=\box79
\@tempa=\box80
\@tempa=\box81
\@tempa=\box82
\@tempa=\box83
\@tempa=\box84
\@tempa=\box85
\@tempa=\box86
\@tempa=\box87
\@tempa=\box88
\@tempa=\box89
\@tempa=\box90
\@tempa=\box91
\@tempa=\box92
\@tempa=\box93
\@tempa=\box94
\c@minrows=\count288
\c@columnbadness=\count289
\c@finalcolumnbadness=\count290
\last@try=\dimen161
\multicolovershoot=\dimen162
\multicolundershoot=\dimen163
\mult@nat@firstbox=\box95
\colbreak@box=\box96
\mc@col@check@num=\count291
)
(/usr/share/texlive/texmf-dist/tex/latex/titlesec/titlesec.sty
Package: titlesec 2021/07/05 v2.14 Sectioning titles
\ttl@box=\box97
\beforetitleunit=\skip92
\aftertitleunit=\skip93
\ttl@plus=\dimen164
\ttl@minus=\dimen165
\ttl@toksa=\toks19
\titlewidth=\dimen166
\titlewidthlast=\dimen167
\titlewidthfirst=\dimen168
)
(/usr/share/texlive/texmf-dist/tex/latex/minted/minted.sty
Package: minted 2021/12/24 v2.6 Yet another Pygments shim for LaTeX

(/usr/share/texlive/texmf-dist/tex/latex/fvextra/fvextra.sty
Package: fvextra 2019/02/04 v1.4 fvextra - extensions and patches for fancyvrb

(/usr/share/texlive/texmf-dist/tex/latex/base/ifthen.sty
Package: ifthen 2020/11/24 v1.1c Standard LaTeX ifthen package (DPC)
)
(/usr/share/texlive/texmf-dist/tex/latex/etoolbox/etoolbox.sty
Package: etoolbox 2020/10/05 v2.5k e-TeX tools for LaTeX (JAW)
\etb@tempcnta=\count292
)
(/usr/share/texlive/texmf-dist/tex/latex/fancyvrb/fancyvrb.sty
Package: fancyvrb 2021/12/21 4.1b verbatim text (tvz,hv)
\FV@CodeLineNo=\count293
\FV@InFile=\read2
\FV@TabBox=\box98
\c@FancyVerbLine=\count294
\FV@StepNumber=\count295
\FV@OutFile=\write3
)
(/usr/share/texlive/texmf-dist/tex/latex/upquote/upquote.sty
Package: upquote 2012/04/19 v1.3 upright-quote and grave-accent glyphs in verba
tim
)
(/usr/share/texlive/texmf-dist/tex/latex/lineno/lineno.sty
Package: lineno 2005/11/02 line numbers on paragraphs v4.41
\linenopenalty=\count296
\output=\toks20
\linenoprevgraf=\count297
\linenumbersep=\dimen169
\linenumberwidth=\dimen170
\c@linenumber=\count298
\c@pagewiselinenumber=\count299
\c@LN@truepage=\count300
\c@internallinenumber=\count301
\c@internallinenumbers=\count302
\quotelinenumbersep=\dimen171
\bframerule=\dimen172
\bframesep=\dimen173
\bframebox=\box99
LaTeX Info: Redefining \\ on input line 3056.
)
\c@FV@TrueTabGroupLevel=\count303
\c@FV@TrueTabCounter=\count304
\FV@TabBox@Group=\box100
\FV@TmpLength=\skip94
\c@FV@HighlightLinesStart=\count305
\c@FV@HighlightLinesStop=\count306
\FV@LoopCount=\count307
\FV@NCharsBox=\box101
\FV@BreakIndent=\dimen174
\FV@BreakIndentNChars=\count308
\FV@BreakSymbolSepLeft=\dimen175
\FV@BreakSymbolSepLeftNChars=\count309
\FV@BreakSymbolSepRight=\dimen176
\FV@BreakSymbolSepRightNChars=\count310
\FV@BreakSymbolIndentLeft=\dimen177
\FV@BreakSymbolIndentLeftNChars=\count311
\FV@BreakSymbolIndentRight=\dimen178
\FV@BreakSymbolIndentRightNChars=\count312
\c@FancyVerbLineBreakLast=\count313
\FV@LineBox=\box102
\FV@LineIndentBox=\box103
\FV@LineWidth=\dimen179
)
(/usr/share/texlive/texmf-dist/tex/latex/tools/calc.sty
Package: calc 2017/05/25 v4.3 Infix arithmetic (KKT,FJ)
\calc@Acount=\count314
\calc@Bcount=\count315
\calc@Adimen=\dimen180
\calc@Bdimen=\dimen181
\calc@Askip=\skip95
\calc@Bskip=\skip96
LaTeX Info: Redefining \setlength on input line 80.
LaTeX Info: Redefining \addtolength on input line 81.
\calc@Ccount=\count316
\calc@Cskip=\skip97
)
(/usr/share/texlive/texmf-dist/tex/latex/tools/shellesc.sty
Package: shellesc 2019/11/08 v1.0c unified shell escape interface for LaTeX
Package shellesc Info: Unrestricted shell escape enabled on input line 75.
)
(/usr/share/texlive/texmf-dist/tex/latex/ifplatform/ifplatform.sty
Package: ifplatform 2017/10/13 v0.4a Testing for the operating system

(/usr/share/texlive/texmf-dist/tex/generic/catchfile/catchfile.sty
Package: catchfile 2019/12/09 v1.8 Catch the contents of a file (HO)
)
(/usr/share/texlive/texmf-dist/tex/generic/iftex/ifluatex.sty
Package: ifluatex 2019/10/25 v1.5 ifluatex legacy package. Use iftex instead.
)
runsystem(uname -s > "notebook.w18")...executed.

 (./notebook.w18)
runsystem(rm -- "notebook.w18")...executed.

) (/usr/share/texlive/texmf-dist/tex/generic/xstring/xstring.sty
(/usr/share/texlive/texmf-dist/tex/generic/xstring/xstring.tex
\integerpart=\count317
\decimalpart=\count318
)
Package: xstring 2021/07/21 v1.84 String manipulations (CT)
)
(/usr/share/texlive/texmf-dist/tex/latex/framed/framed.sty
Package: framed 2011/10/22 v 0.96: framed or shaded text with page breaks
\OuterFrameSep=\skip98
\fb@frw=\dimen182
\fb@frh=\dimen183
\FrameRule=\dimen184
\FrameSep=\dimen185
)
(/usr/share/texlive/texmf-dist/tex/latex/float/float.sty
Package: float 2001/11/08 v1.3d Float enhancements (AL)
\c@float@type=\count319
\float@exts=\toks21
\float@box=\box104
\@float@everytoks=\toks22
\@floatcapt=\box105
)
\minted@appexistsfile=\read3
\minted@bgbox=\box106
\minted@code=\write4
\c@minted@FancyVerbLineTemp=\count320
\c@minted@pygmentizecounter=\count321
\@float@every@listing=\toks23
\c@listing=\count322
)
runsystem(mkdir -p _minted-notebook)...executed.


(/usr/share/texlive/texmf-dist/tex/latex/amsmath/amsmath.sty
Package: amsmath 2021/10/15 v2.17l AMS math features
\@mathmargin=\skip99

For additional information on amsmath, use the `?' option.
(/usr/share/texlive/texmf-dist/tex/latex/amsmath/amstext.sty
Package: amstext 2021/08/26 v2.01 AMS text

(/usr/share/texlive/texmf-dist/tex/latex/amsmath/amsgen.sty
File: amsgen.sty 1999/11/30 v2.0 generic functions
\@emptytoks=\toks24
\ex@=\dimen186
))
(/usr/share/texlive/texmf-dist/tex/latex/amsmath/amsbsy.sty
Package: amsbsy 1999/11/29 v1.2d Bold Symbols
\pmbraise@=\dimen187
)
(/usr/share/texlive/texmf-dist/tex/latex/amsmath/amsopn.sty
Package: amsopn 2021/08/26 v2.02 operator names
)
\inf@bad=\count323
LaTeX Info: Redefining \frac on input line 234.
\uproot@=\count324
\leftroot@=\count325
LaTeX Info: Redefining \overline on input line 399.
\classnum@=\count326
\DOTSCASE@=\count327
LaTeX Info: Redefining \ldots on input line 496.
LaTeX Info: Redefining \dots on input line 499.
LaTeX Info: Redefining \cdots on input line 620.
\Mathstrutbox@=\box107
\strutbox@=\box108
\big@size=\dimen188
LaTeX Font Info:    Redeclaring font encoding OML on input line 743.
LaTeX Font Info:    Redeclaring font encoding OMS on input line 744.
\macc@depth=\count328
\c@MaxMatrixCols=\count329
\dotsspace@=\muskip17
\c@parentequation=\count330
\dspbrk@lvl=\count331
\tag@help=\toks25
\row@=\count332
\column@=\count333
\maxfields@=\count334
\andhelp@=\toks26
\eqnshift@=\dimen189
\alignsep@=\dimen190
\tagshift@=\dimen191
\tagwidth@=\dimen192
\totwidth@=\dimen193
\lineht@=\dimen194
\@envbody=\toks27
\multlinegap=\skip100
\multlinetaggap=\skip101
\mathdisplay@stack=\toks28
LaTeX Info: Redefining \[ on input line 2938.
LaTeX Info: Redefining \] on input line 2939.
)
(/usr/share/texlive/texmf-dist/tex/latex/amsfonts/amssymb.sty
Package: amssymb 2013/01/14 v3.01 AMS font symbols

(/usr/share/texlive/texmf-dist/tex/latex/amsfonts/amsfonts.sty
Package: amsfonts 2013/01/14 v3.01 Basic AMSFonts support
\symAMSa=\mathgroup4
\symAMSb=\mathgroup5
LaTeX Font Info:    Redeclaring math symbol \hbar on input line 98.
LaTeX Font Info:    Overwriting math alphabet `\mathfrak' in version `bold'
(Font)                  U/euf/m/n --> U/euf/b/n on input line 106.
))
(/usr/share/texlive/texmf-dist/tex/latex/graphics/graphicx.sty
Package: graphicx 2021/09/16 v1.2d Enhanced LaTeX Graphics (DPC,SPQR)
\Gin@req@height=\dimen195
\Gin@req@width=\dimen196
)
runsystem(which pygmentize && touch notebook.aex)...executed.

runsystem(rm notebook.aex)...executed.


(/usr/share/texlive/texmf-dist/tex/latex/l3backend/l3backend-pdftex.def
File: l3backend-pdftex.def 2022-01-12 L3 backend support: PDF output (pdfTeX)
\l__color_backend_stack_int=\count335
\l__pdf_internal_box=\box109
)

LaTeX Warning: Unused global option(s):
    [8pt,onesided].

(./notebook.aux)
\openout1 = `notebook.aux'.

LaTeX Font Info:    Checking defaults for OML/cmm/m/it on input line 74.
LaTeX Font Info:    ... okay on input line 74.
LaTeX Font Info:    Checking defaults for OMS/cmsy/m/n on input line 74.
LaTeX Font Info:    ... okay on input line 74.
LaTeX Font Info:    Checking defaults for OT1/cmr/m/n on input line 74.
LaTeX Font Info:    ... okay on input line 74.
LaTeX Font Info:    Checking defaults for T1/cmr/m/n on input line 74.
LaTeX Font Info:    ... okay on input line 74.
LaTeX Font Info:    Checking defaults for TS1/cmr/m/n on input line 74.
LaTeX Font Info:    ... okay on input line 74.
LaTeX Font Info:    Checking defaults for OMX/cmex/m/n on input line 74.
LaTeX Font Info:    ... okay on input line 74.
LaTeX Font Info:    Checking defaults for U/cmr/m/n on input line 74.
LaTeX Font Info:    ... okay on input line 74.
LaTeX Font Info:    Checking defaults for PD1/pdf/m/n on input line 74.
LaTeX Font Info:    ... okay on input line 74.
LaTeX Font Info:    Checking defaults for PU/pdf/m/n on input line 74.
LaTeX Font Info:    ... okay on input line 74.

*geometry* driver: auto-detecting
*geometry* detected driver: pdftex
*geometry* verbose mode - [ preamble ] result:
* driver: pdftex
* paper: a4paper
* layout: <same size as paper>
* layoutoffset:(h,v)=(0.0pt,0.0pt)
* modes: 
* h-part:(L,W,R)=(7.22743pt, 583.05301pt, 7.22743pt)
* v-part:(T,H,B)=(18.06749pt, 819.75192pt, 7.22743pt)
* \paperwidth=597.50787pt
* \paperheight=845.04684pt
* \textwidth=583.05301pt
* \textheight=819.75192pt
* \oddsidemargin=-65.04256pt
* \evensidemargin=-65.04256pt
* \topmargin=-69.81621pt
* \headheight=12.0pt
* \headsep=3.61371pt
* \topskip=10.0pt
* \footskip=30.0pt
* \marginparwidth=57.0pt
* \marginparsep=11.0pt
* \columnsep=11.38092pt
* \skip\footins=9.0pt plus 4.0pt minus 2.0pt
* \hoffset=0.0pt
* \voffset=0.0pt
* \mag=1000
* \@twocolumnfalse
* \@twosidefalse
* \@mparswitchfalse
* \@reversemarginfalse
* (1in=72.27pt=25.4mm, 1cm=28.453pt)

Package hyperref Info: Link coloring OFF on input line 74.
(/usr/share/texlive/texmf-dist/tex/latex/hyperref/nameref.sty
Package: nameref 2021-04-02 v2.47 Cross-referencing by name of section

(/usr/share/texlive/texmf-dist/tex/latex/refcount/refcount.sty
Package: refcount 2019/12/15 v3.6 Data extraction from label references (HO)
)
(/usr/share/texlive/texmf-dist/tex/generic/gettitlestring/gettitlestring.sty
Package: gettitlestring 2019/12/15 v1.6 Cleanup title references (HO)
)
\c@section@level=\count336
)
LaTeX Info: Redefining \ref on input line 74.
LaTeX Info: Redefining \pageref on input line 74.
LaTeX Info: Redefining \nameref on input line 74.

(./notebook.out) (./notebook.out)
\@outlinefile=\write5
\openout5 = `notebook.out'.


(/usr/share/texlive/texmf-dist/tex/latex/base/textcomp.sty
Package: textcomp 2020/02/02 v2.0n Standard LaTeX package
)
\c@lstlisting=\count337

(/usr/share/texlive/texmf-dist/tex/context/base/mkii/supp-pdf.mkii
[Loading MPS to PDF converter (version 2006.09.02).]
\scratchcounter=\count338
\scratchdimen=\dimen197
\scratchbox=\box110
\nofMPsegments=\count339
\nofMParguments=\count340
\everyMPshowfont=\toks29
\MPscratchCnt=\count341
\MPscratchDim=\dimen198
\MPnumerator=\count342
\makeMPintoPDFobject=\count343
\everyMPtoPDFconversion=\toks30
) (/usr/share/texlive/texmf-dist/tex/latex/epstopdf-pkg/epstopdf-base.sty
Package: epstopdf-base 2020-01-24 v2.11 Base part for package epstopdf
Package epstopdf-base Info: Redefining graphics rule for `.eps' on input line 4
85.

(/usr/share/texlive/texmf-dist/tex/latex/latexconfig/epstopdf-sys.cfg
File: epstopdf-sys.cfg 2010/07/13 v1.3 Configuration of (r)epstopdf for TeX Liv
e
))
LaTeX Font Info:    Trying to load font information for U+msa on input line 79.


(/usr/share/texlive/texmf-dist/tex/latex/amsfonts/umsa.fd
File: umsa.fd 2013/01/14 v3.01 AMS symbols A
)
LaTeX Font Info:    Trying to load font information for U+msb on input line 79.


(/usr/share/texlive/texmf-dist/tex/latex/amsfonts/umsb.fd
File: umsb.fd 2013/01/14 v3.01 AMS symbols B
) (./notebook.toc
! Missing $ inserted.
<inserted text> 
                $
l.12 ...[42 lines] - 1b2d11b1}{4}{subsection.1.11}
                                                  %
I've inserted a begin-math/end-math symbol since I think
you left one out. Proceed, with fingers crossed.


LaTeX Font Warning: Command \scriptsize invalid in math mode on input line 12.

! Extra }, or forgotten $.
<argument> ...e \scriptsize [42 lines] - 1b2d11b1}
                                                  \hyper@linkend 
l.12 ...[42 lines] - 1b2d11b1}{4}{subsection.1.11}
                                                  %
I've deleted a group-closing symbol because it seems to be
spurious, as in `$x}$'. But perhaps the } is legitimate and
you forgot something else, as in `\hbox{$x}'. In such cases
the way to recover is to insert both the forgotten and the
deleted material, e.g., by typing `I$}'.

! Missing $ inserted.
<inserted text> 
                $
l.12 ...[42 lines] - 1b2d11b1}{4}{subsection.1.11}
                                                  %
I've inserted something that you may have forgotten.
(See the <inserted text> above.)
With luck, this will get me unwedged. But if you
really didn't forget anything, try typing `2' now; then
my insertion and my current dilemma will both disappear.

! Missing } inserted.
<inserted text> 
                }
l.12 ...[42 lines] - 1b2d11b1}{4}{subsection.1.11}
                                                  %
I've inserted something that you may have forgotten.
(See the <inserted text> above.)
With luck, this will get me unwedged. But if you
really didn't forget anything, try typing `2' now; then
my insertion and my current dilemma will both disappear.

! Missing $ inserted.
<inserted text> 
                $
l.28 ...[98 lines] - c56e57cb}{10}{subsection.3.6}
                                                  %
I've inserted a begin-math/end-math symbol since I think
you left one out. Proceed, with fingers crossed.


LaTeX Font Warning: Command \scriptsize invalid in math mode on input line 28.

! Extra }, or forgotten $.
<argument> ...y \scriptsize [98 lines] - c56e57cb}
                                                  \hyper@linkend 
l.28 ...[98 lines] - c56e57cb}{10}{subsection.3.6}
                                                  %
I've deleted a group-closing symbol because it seems to be
spurious, as in `$x}$'. But perhaps the } is legitimate and
you forgot something else, as in `\hbox{$x}'. In such cases
the way to recover is to insert both the forgotten and the
deleted material, e.g., by typing `I$}'.

! Missing $ inserted.
<inserted text> 
                $
l.28 ...[98 lines] - c56e57cb}{10}{subsection.3.6}
                                                  %
I've inserted something that you may have forgotten.
(See the <inserted text> above.)
With luck, this will get me unwedged. But if you
really didn't forget anything, try typing `2' now; then
my insertion and my current dilemma will both disappear.

! Missing } inserted.
<inserted text> 
                }
l.28 ...[98 lines] - c56e57cb}{10}{subsection.3.6}
                                                  %
I've inserted something that you may have forgotten.
(See the <inserted text> above.)
With luck, this will get me unwedged. But if you
really didn't forget anything, try typing `2' now; then
my insertion and my current dilemma will both disappear.

! Missing $ inserted.
<inserted text> 
                $
l.37 ...[31 lines] - e8d99179}{12}{subsection.5.3}
                                                  %
I've inserted a begin-math/end-math symbol since I think
you left one out. Proceed, with fingers crossed.


LaTeX Font Warning: Command \scriptsize invalid in math mode on input line 37.

! Extra }, or forgotten $.
<argument> ...S \scriptsize [31 lines] - e8d99179}
                                                  \hyper@linkend 
l.37 ...[31 lines] - e8d99179}{12}{subsection.5.3}
                                                  %
I've deleted a group-closing symbol because it seems to be
spurious, as in `$x}$'. But perhaps the } is legitimate and
you forgot something else, as in `\hbox{$x}'. In such cases
the way to recover is to insert both the forgotten and the
deleted material, e.g., by typing `I$}'.

! Missing $ inserted.
<inserted text> 
                $
l.37 ...[31 lines] - e8d99179}{12}{subsection.5.3}
                                                  %
I've inserted something that you may have forgotten.
(See the <inserted text> above.)
With luck, this will get me unwedged. But if you
really didn't forget anything, try typing `2' now; then
my insertion and my current dilemma will both disappear.

! Missing } inserted.
<inserted text> 
                }
l.37 ...[31 lines] - e8d99179}{12}{subsection.5.3}
                                                  %
I've inserted something that you may have forgotten.
(See the <inserted text> above.)
With luck, this will get me unwedged. But if you
really didn't forget anything, try typing `2' now; then
my insertion and my current dilemma will both disappear.

! Missing $ inserted.
<inserted text> 
                $
l.77 ...[83 lines] - 062d3731}{23}{subsection.9.9}
                                                  %
I've inserted a begin-math/end-math symbol since I think
you left one out. Proceed, with fingers crossed.


LaTeX Font Warning: Command \scriptsize invalid in math mode on input line 77.

! Extra }, or forgotten $.
<argument> ...m \scriptsize [83 lines] - 062d3731}
                                                  \hyper@linkend 
l.77 ...[83 lines] - 062d3731}{23}{subsection.9.9}
                                                  %
I've deleted a group-closing symbol because it seems to be
spurious, as in `$x}$'. But perhaps the } is legitimate and
you forgot something else, as in `\hbox{$x}'. In such cases
the way to recover is to insert both the forgotten and the
deleted material, e.g., by typing `I$}'.

! Missing $ inserted.
<inserted text> 
                $
l.77 ...[83 lines] - 062d3731}{23}{subsection.9.9}
                                                  %
I've inserted something that you may have forgotten.
(See the <inserted text> above.)
With luck, this will get me unwedged. But if you
really didn't forget anything, try typing `2' now; then
my insertion and my current dilemma will both disappear.

! Missing } inserted.
<inserted text> 
                }
l.77 ...[83 lines] - 062d3731}{23}{subsection.9.9}
                                                  %
I've inserted something that you may have forgotten.
(See the <inserted text> above.)
With luck, this will get me unwedged. But if you
really didn't forget anything, try typing `2' now; then
my insertion and my current dilemma will both disappear.

)
\tf@toc=\write6
\openout6 = `notebook.toc'.

 (./contents.tex (./_minted-notebook/default.pygstyle)
(./_minted-notebook/9BD56F7221F273D6931DF50F602CB377BCE16DFFE1BCC97B06C61131357
83C7A.pygtex)
(./_minted-notebook/D9A9AA5F0F7AAAFDC56BC78DE2E7A622BFAA6CE5E48142AB47938237BE5
1AFA3.pygtex)
(./_minted-notebook/56D90F29C8BCB01B01C94B9B251492E0C642426B592FACDEE4922896AE5
F9BCF.pygtex
LaTeX Font Info:    Font shape `OT1/cmtt/bx/n' in size <9> not available
(Font)              Font shape `OT1/cmtt/m/n' tried instead on input line 2.
 [1{/var/lib/texmf/fonts/map/pdftex/updmap/pdftex.map}


])
(./_minted-notebook/D98B40D8FB882256924F5F8C585140488BE991E99BF8C3E82FC6689A196
0BFFD.pygtex [2])
(./_minted-notebook/6164FAB00C93F19C9778A905BA619E7BB9C4D91349EA44B7B98300E49B3
2ED42.pygtex)
(./_minted-notebook/C672F57631D827B96161297845C002133C5517F1630D974B891E8091EC8
5D49F.pygtex)
(./_minted-notebook/0421573F0A9817143888FAD4566B2408DE7631B162019FFB99235761D19
3E647.pygtex)
(./_minted-notebook/4FBE16BAB626F09E84A5D5D326095A1ABF90FCDBD4103BAEC0CEC52C0F7
5B363.pygtex [3])
(./_minted-notebook/10087F5766F0349B825CF16CFDBD4EF903186C7B30F3F5045E8A9598A68
88CB2.pygtex)
(./_minted-notebook/BE4284111C38CE41AE9721C11193D4D17CD8B82D3C9E0F2D16FACF3B829
626F4.pygtex)
! Missing $ inserted.
<inserted text> 
                $
l.22 ..._table  \scriptsize [42 lines] - 1b2d11b1}
                                                  
I've inserted a begin-math/end-math symbol since I think
you left one out. Proceed, with fingers crossed.


LaTeX Font Warning: Command \scriptsize invalid in math mode on input line 22.

! Extra }, or forgotten $.
\ttlh@hang ...ngindent \wd \z@ \box \z@ \fi #4{#8}
                                                  \kern \z@ \ttl@strut \@@pa...
l.22 ..._table  \scriptsize [42 lines] - 1b2d11b1}
                                                  
I've deleted a group-closing symbol because it seems to be
spurious, as in `$x}$'. But perhaps the } is legitimate and
you forgot something else, as in `\hbox{$x}'. In such cases
the way to recover is to insert both the forgotten and the
deleted material, e.g., by typing `I$}'.

! Missing $ inserted.
<inserted text> 
                $
l.22 ..._table  \scriptsize [42 lines] - 1b2d11b1}
                                                  
I've inserted a begin-math/end-math symbol since I think
you left one out. Proceed, with fingers crossed.

! Missing } inserted.
<inserted text> 
                }
l.22 ..._table  \scriptsize [42 lines] - 1b2d11b1}
                                                  
I've inserted something that you may have forgotten.
(See the <inserted text> above.)
With luck, this will get me unwedged. But if you
really didn't forget anything, try typing `2' now; then
my insertion and my current dilemma will both disappear.


Package hyperref Warning: Token not allowed in a PDF string (Unicode):
(hyperref)                removing `subscript' on input line 22.


(./_minted-notebook/1B2D11B1974F8C9AA375EF70C6842AA396393CA21145AA729B92B179DD3
FDC7F.pygtex)
(./_minted-notebook/68B791D32208CE69E21AF06F75B8083167C6030B7D1C100E01C13B8E271
BD252.pygtex [4])
(./_minted-notebook/4EFB5AE383A2A0053A6E84FD642FFFDF2C639618A2D4F4D2126852F2570
852CF.pygtex)
(./_minted-notebook/B82FA5B3E4CBB302F40F72E861F3A7A6986163109F4AE675E2D587E953E
7FD87.pygtex [5])
(./_minted-notebook/CFFA52769B866ED3DE915CFFA71892B3ABE479D9919247AD8032D48EE71
57173.pygtex)
(./_minted-notebook/BB94F51DB0E85ADBB9264A2FE660853B89CB962984717C3E1E666396B52
00C30.pygtex)
(./_minted-notebook/E1054195109682ED8236186D65F35AC043B83A12DDF48BB0D67E0E9DA29
44CD9.pygtex [6])
(./_minted-notebook/24FE500F87B6906F4ACF73568726B4555EAF9F9D74EAE742ED9BD53715C
D7DC2.pygtex [7])
(./_minted-notebook/27B6B6BB195A03C1F955BA9BB7D5C7103BB020A0508DE078AA2583038D0
50F7C.pygtex)
(./_minted-notebook/F5CC9FFAAF0B45B6C24C063034469CBD2D8FB886E0757A6FB03C691A99A
5D3F5.pygtex [8])
(./_minted-notebook/803DC8A8F0F957FD4BBD06345B127255DD4A2BE19836D985F276F08CA2F
DED49.pygtex
Overfull \hbox (18.62813pt too wide) in paragraph at lines 12--12
[]\OT1/cmtt/m/n/9 chrono[]::[]steady_clock[]::[]now().time_since_epoch().count(
);[] 
 []

)
(./_minted-notebook/5E722C99E9983056B67D75A452B7C132CC404FC515C0A6DA9E7B07476F9
2385B.pygtex)
(./_minted-notebook/040D082C2FCB082774E2729CA84F272CEA743A305F2AED2AB1BE5AD940F
35DBC.pygtex)
(./_minted-notebook/663D53A4E3113264418FCA0723CE1EDAFEAB62DC27466E764E571BEC777
B0F51.pygtex [9])
! Missing $ inserted.
<inserted text> 
                $
l.52 ..._array  \scriptsize [98 lines] - c56e57cb}
                                                  
I've inserted a begin-math/end-math symbol since I think
you left one out. Proceed, with fingers crossed.


LaTeX Font Warning: Command \scriptsize invalid in math mode on input line 52.

! Extra }, or forgotten $.
\ttlh@hang ...ngindent \wd \z@ \box \z@ \fi #4{#8}
                                                  \kern \z@ \ttl@strut \@@pa...
l.52 ..._array  \scriptsize [98 lines] - c56e57cb}
                                                  
I've deleted a group-closing symbol because it seems to be
spurious, as in `$x}$'. But perhaps the } is legitimate and
you forgot something else, as in `\hbox{$x}'. In such cases
the way to recover is to insert both the forgotten and the
deleted material, e.g., by typing `I$}'.

! Missing $ inserted.
<inserted text> 
                $
l.52 ..._array  \scriptsize [98 lines] - c56e57cb}
                                                  
I've inserted a begin-math/end-math symbol since I think
you left one out. Proceed, with fingers crossed.

! Missing } inserted.
<inserted text> 
                }
l.52 ..._array  \scriptsize [98 lines] - c56e57cb}
                                                  
I've inserted something that you may have forgotten.
(See the <inserted text> above.)
With luck, this will get me unwedged. But if you
really didn't forget anything, try typing `2' now; then
my insertion and my current dilemma will both disappear.


Package hyperref Warning: Token not allowed in a PDF string (Unicode):
(hyperref)                removing `subscript' on input line 52.


(./_minted-notebook/C56E57CB94D85FD9CEB9018E842F81B124A7DAE8818151FB7D53BC93F7C
936D2.pygtex)
(./_minted-notebook/D1F303473ED641273A79BFEF7F9E19CA424F12000AD130B7C4B703BDA0B
13C4E.pygtex [10])
(./_minted-notebook/DA59FF1D990CB3442FDEF8EBCD53A9663378E6E46A1E1C99B42789740E7
EF0C8.pygtex)
(./_minted-notebook/D6B6F949BCC3F83754888229B9D79D351E758B27E6489EE2D72CC661FE5
1E011.pygtex [11])
(./_minted-notebook/9387DB0C04461BE6260D91D6405EA6B1967F64A066F15E71B8C53447EDD
32345.pygtex)
(./_minted-notebook/9C0A451101E3F70A0946E9225EE3784880B49635451133E7F6C17FA9E02
CF4F4.pygtex)
(./_minted-notebook/8F8B610BEBF247930F15480D7B9A138609977AFE0C7187B09C979F69640
7E6BE.pygtex)
! Missing $ inserted.
<inserted text> 
                $
l.68 ..._BASIS  \scriptsize [31 lines] - e8d99179}
                                                  
I've inserted a begin-math/end-math symbol since I think
you left one out. Proceed, with fingers crossed.


LaTeX Font Warning: Command \scriptsize invalid in math mode on input line 68.

! Extra }, or forgotten $.
\ttlh@hang ...ngindent \wd \z@ \box \z@ \fi #4{#8}
                                                  \kern \z@ \ttl@strut \@@pa...
l.68 ..._BASIS  \scriptsize [31 lines] - e8d99179}
                                                  
I've deleted a group-closing symbol because it seems to be
spurious, as in `$x}$'. But perhaps the } is legitimate and
you forgot something else, as in `\hbox{$x}'. In such cases
the way to recover is to insert both the forgotten and the
deleted material, e.g., by typing `I$}'.

! Missing $ inserted.
<inserted text> 
                $
l.68 ..._BASIS  \scriptsize [31 lines] - e8d99179}
                                                  
I've inserted a begin-math/end-math symbol since I think
you left one out. Proceed, with fingers crossed.

! Missing } inserted.
<inserted text> 
                }
l.68 ..._BASIS  \scriptsize [31 lines] - e8d99179}
                                                  
I've inserted something that you may have forgotten.
(See the <inserted text> above.)
With luck, this will get me unwedged. But if you
really didn't forget anything, try typing `2' now; then
my insertion and my current dilemma will both disappear.


Package hyperref Warning: Token not allowed in a PDF string (Unicode):
(hyperref)                removing `subscript' on input line 68.


Package hyperref Warning: Token not allowed in a PDF string (Unicode):
(hyperref)                removing `subscript' on input line 68.


(./_minted-notebook/E8D99179D8A73B9DF7872422D2055D12A85E15D8708CE241F17A46A8E1F
0E61F.pygtex [12])
(./_minted-notebook/299652FB4FB3302E1D04EA9B71B2E7D20799154C45E28D8498150EF16C9
E8B34.pygtex
Overfull \hbox (42.25285pt too wide) in paragraph at lines 6--6
[][]\OT1/cmtt/m/n/9 rng[](chrono[]::[]steady_clock[]::[]now().time_since_epoch(
).count());[] 
 []

)
(./_minted-notebook/96E2562F9E1C58EA6D89A5A1FF0A997A2DAB776C35BDA18E8DFE7FB8793
D8D06.pygtex)
(./_minted-notebook/905DD99454A877D79E604EC1E2672325261B9DDDAFD1CB895524ADD94BC
7C19D.pygtex)
(./_minted-notebook/BDD603F566D6D3D23F1422EFA1EA9FA351D3BC2493237D5A15C9D72FD03
F5215.pygtex [13])
(./_minted-notebook/562BAF6657DE743DBE8E8E6912CA473E0967EDFECAF15C29E13BD306927
6A928.pygtex)
(./_minted-notebook/383BFA4DA18A6757CC3AF62F928DD1AE0FE0F38FF6BDAB0CF0AB88AA417
A235B.pygtex)
(./_minted-notebook/0514B2909BDCED3D4D13894619C927E3238D4D0CA1A8717C8FB2AD92C06
ECE33.pygtex [14])
(./_minted-notebook/3BA1F1D4EBF4725468974AB361628639F07A1FEEE7B9966FB149FB9119E
720B1.pygtex)
(./_minted-notebook/6927AB2EBFEB18EF24968FCFB7B023152F71E8FAECD25F29075C786E99F
16F38.pygtex)
(./_minted-notebook/C20B8D12F47B6C4A27D91D92C9B3B6CA7831E6C936540262B4B60C6C440
285F2.pygtex)
(./_minted-notebook/85DDC883F1FAFAA8E1C3D2475D406E7199B3A9D9FF909B15144D9BACF43
C17D5.pygtex)
(./_minted-notebook/AE81B51A7C36BB9A08A6E2F9EAAE0141995ABACB1E25A15371101A0C063
AC55E.pygtex [15])
(./_minted-notebook/B9DE33ED739450DB0CFF0CC53466B575D814A929849076F3540158F13A8
52D48.pygtex)
(./_minted-notebook/497D2F5396F39EC7C49F448754D7EEA9205CB8E79E4451B04FF0CD6B756
F49B1.pygtex)
(./_minted-notebook/073E81917B9ADDA796FFCEDB546A2BE57AB1491F1942F007DFDEB61D08E
DD1C1.pygtex)
(./_minted-notebook/D5887C16F70323EC1D8FC719E0A75B78894EB3A1D0AE46736AED5507109
2332E.pygtex [16])
(./_minted-notebook/3E514BDA0DC83A7F300E475C5E5E45E5C52D27752D8D605A271F04A5C33
77D1B.pygtex)
(./_minted-notebook/0EAC5635E31D50FEE48990208AC929A8F7262B9A6326F4D987B03A44226
A3FAD.pygtex [17])
(./_minted-notebook/7D0529DB5E4342178C2D82E9745B4E5DA518C7CC56DC97BEE345BCF9BB5
5C4EC.pygtex)
(./_minted-notebook/2B659F45441FF46A53F492205DD4E290E5EC110199470B1DF637BED1DF5
53721.pygtex)
(./_minted-notebook/4AF66DA39E9BB66D85052633691080C74A8384039DC9C8058D786E785A7
8C078.pygtex [18])
(./_minted-notebook/0A056B91594CC612837AF31B85BA8828B3DED2D6BDE6B45CCE18E45E080
7EA5B.pygtex)
(./_minted-notebook/19DA151F23143E11A69CB6E8BF4B101B1E8856C85C017A435744F6EEC23
A4742.pygtex)
(./_minted-notebook/B0312712568D529F3E351380EEAD074AF794EA2E7C17519D68BCD86FFA5
8ADD4.pygtex)
(./_minted-notebook/7D512E942FC77DC959EB1708177C3E1EDCC23D099BC8A0C200D0C5D367F
F489D.pygtex [19])
(./_minted-notebook/8BFD24D7A80A1FCFE7BF869A7A97343EBB547AF21285168DF8665B96383
8A9D5.pygtex)
(./_minted-notebook/C3578A9FB5CE375E73DBC06972740B40BBDF8A3CF6891F3EA5B262A686C
D610B.pygtex)
(./_minted-notebook/40C31FF8860A14153B6DBFD1879E846E77C478680FA367081EC71A19F20
92325.pygtex [20])
(./_minted-notebook/F44C0E25890450E33DEFC49A2286109EC499E652CEC064D3D684671F09A
88C0D.pygtex [21])
(./_minted-notebook/FCDD52C123FF02BE6F0C53CC94D458F355D231AFD9E77E880E75460B4F1
8D617.pygtex)
(./_minted-notebook/FA7731EAD659DC973CBC01356C4E72185EA23CEC4FB32E2DEFDB9597656
A717B.pygtex)
(./_minted-notebook/0E34856EAF23EFC3CE2EDD7812171D119582679C95487745FE306C15254
3765A.pygtex)
(./_minted-notebook/65F7A22CCBC96D2AB8AAD17183437A2F56A3A6813E00156FB9677E39132
CA3E7.pygtex [22])
(./_minted-notebook/D41D8CD98F00B204E9800998ECF8427E0ACC877AEA4BE8302DF59CEB4F3
509DE.pygtex)
(./_minted-notebook/EF9C1ACD7FB169AB978394C8A49BBBA92E8F1824CA154C446324F15B0A0
B1E05.pygtex)
! Missing $ inserted.
<inserted text> 
                $
l.144 ...ystem  \scriptsize [83 lines] - 062d3731}
                                                  
I've inserted a begin-math/end-math symbol since I think
you left one out. Proceed, with fingers crossed.


LaTeX Font Warning: Command \scriptsize invalid in math mode on input line 144.


! Extra }, or forgotten $.
\ttlh@hang ...ngindent \wd \z@ \box \z@ \fi #4{#8}
                                                  \kern \z@ \ttl@strut \@@pa...
l.144 ...ystem  \scriptsize [83 lines] - 062d3731}
                                                  
I've deleted a group-closing symbol because it seems to be
spurious, as in `$x}$'. But perhaps the } is legitimate and
you forgot something else, as in `\hbox{$x}'. In such cases
the way to recover is to insert both the forgotten and the
deleted material, e.g., by typing `I$}'.

! Missing $ inserted.
<inserted text> 
                $
l.144 ...ystem  \scriptsize [83 lines] - 062d3731}
                                                  
I've inserted a begin-math/end-math symbol since I think
you left one out. Proceed, with fingers crossed.

! Missing } inserted.
<inserted text> 
                }
l.144 ...ystem  \scriptsize [83 lines] - 062d3731}
                                                  
I've inserted something that you may have forgotten.
(See the <inserted text> above.)
With luck, this will get me unwedged. But if you
really didn't forget anything, try typing `2' now; then
my insertion and my current dilemma will both disappear.


Package hyperref Warning: Token not allowed in a PDF string (Unicode):
(hyperref)                removing `subscript' on input line 144.


(./_minted-notebook/062D37313D132577DE87A3C4CD30F626D9C932B246F523B79646AC99575
87E87.pygtex)
(./_minted-notebook/5191FDA74419B5900F5EC498C5ACEA0351FE5422F1F074FBDD06ADE0D0C
B1EE9.pygtex)
(./_minted-notebook/DDA0B1590B5094CBDDD292D801E80B66650981D835D6294D16E354823C2
489D8.pygtex [23])
(./_minted-notebook/7B5DD6416FC2B96403BAEA97DFC5551A57F40BC962B56AE7FCE6622BDAC
E5481.pygtex [24])
(./_minted-notebook/CD32F7EE81939E8E8FAB2B20758149D36E38D92357570A414D3E6A20B40
8F8D8.pygtex)
(./_minted-notebook/1A683527EF60C94D12A5DF14FAE1385BC35E9F069856CEC76CC7CCD365D
BA3E1.pygtex)) [25] (./notebook.aux)
Package rerunfilecheck Info: File `notebook.out' has not changed.
(rerunfilecheck)             Checksum: 4D09863D9193963DC14E19C38CADE612;17828.
 ) 
Here is how much of TeX's memory you used:
 16573 strings out of 480171
 301849 string characters out of 5894488
 749747 words of memory out of 5000000
 33954 multiletter control sequences out of 15000+600000
 480001 words of font info for 71 fonts, out of 8000000 for 9000
 59 hyphenation exceptions out of 8191
 70i,12n,76p,1327b,1294s stack positions out of 5000i,500n,10000p,200000b,80000s
</usr/share/texlive/texmf-dist/fonts/type1/public/amsfonts/cm/cmbx10.pfb></us
r/share/texlive/texmf-dist/fonts/type1/public/amsfonts/cm/cmbx12.pfb></usr/shar
e/texlive/texmf-dist/fonts/type1/public/amsfonts/cm/cmbx7.pfb></usr/share/texli
ve/texmf-dist/fonts/type1/public/amsfonts/cm/cmbx9.pfb></usr/share/texlive/texm
f-dist/fonts/type1/public/amsfonts/cm/cmitt10.pfb></usr/share/texlive/texmf-dis
t/fonts/type1/public/amsfonts/cm/cmmi6.pfb></usr/share/texlive/texmf-dist/fonts
/type1/public/amsfonts/cm/cmmi9.pfb></usr/share/texlive/texmf-dist/fonts/type1/
public/amsfonts/cm/cmr10.pfb></usr/share/texlive/texmf-dist/fonts/type1/public/
amsfonts/cm/cmr12.pfb></usr/share/texlive/texmf-dist/fonts/type1/public/amsfont
s/cm/cmr17.pfb></usr/share/texlive/texmf-dist/fonts/type1/public/amsfonts/cm/cm
r7.pfb></usr/share/texlive/texmf-dist/fonts/type1/public/amsfonts/cm/cmr8.pfb><
/usr/share/texlive/texmf-dist/fonts/type1/public/amsfonts/cm/cmr9.pfb></usr/sha
re/texlive/texmf-dist/fonts/type1/public/amsfonts/cm/cmsy6.pfb></usr/share/texl
ive/texmf-dist/fonts/type1/public/amsfonts/cm/cmsy9.pfb></usr/share/texlive/tex
mf-dist/fonts/type1/public/amsfonts/cm/cmtt9.pfb>
Output written on notebook.pdf (25 pages, 316070 bytes).
PDF statistics:
 631 PDF objects out of 1000 (max. 8388607)
 566 compressed objects within 6 object streams
 108 named destinations out of 1000 (max. 500000)
 657 words of extra memory for PDF output out of 10000 (max. 10000000)

